<?xml version="1.0" encoding="UTF-8"?>
<coverage generated="1563307141629" clover="3.2.0">
  <project timestamp="1563307141629" name="All files">
    <metrics statements="8" coveredstatements="8" conditionals="0" coveredconditionals="0" methods="1" coveredmethods="1" elements="9" coveredelements="9" complexity="0" loc="8" ncloc="8" packages="1" files="1" classes="1"/>
    <file name="math-application.ts" path="C:\Users\btkru\Documents\6-24-class\week3\testing\src\math-application.ts">
      <metrics statements="8" coveredstatements="8" conditionals="0" coveredconditionals="0" methods="1" coveredmethods="1"/>
      <line num="1" count="1" type="stmt"/>
      <line num="8" count="1" type="stmt"/>
      <line num="9" count="5" type="stmt"/>
      <line num="10" count="5" type="stmt"/>
      <line num="11" count="5" type="stmt"/>
      <line num="12" count="5" type="stmt"/>
      <line num="13" count="6" type="stmt"/>
      <line num="15" count="5" type="stmt"/>
    </file>
  </project>
</coverage>
